[02-Oct-2023 03:41:58 UTC] PHP Parse error:  syntax error, unexpected 'session_destroy' (T_STRING), expecting ';' or ',' in /Applications/MAMP/htdocs/process_login.php on line 39
[02-Oct-2023 03:42:07 UTC] PHP Parse error:  syntax error, unexpected 'session_destroy' (T_STRING), expecting ';' or ',' in /Applications/MAMP/htdocs/process_login.php on line 39
[02-Oct-2023 03:42:19 UTC] PHP Parse error:  syntax error, unexpected 'session_destroy' (T_STRING), expecting ';' or ',' in /Applications/MAMP/htdocs/process_login.php on line 39
[02-Oct-2023 03:42:56 UTC] PHP Parse error:  syntax error, unexpected 'session_destroy' (T_STRING), expecting ';' or ',' in /Applications/MAMP/htdocs/process_login.php on line 39
[02-Oct-2023 03:47:03 UTC] PHP Parse error:  syntax error, unexpected 'session_destroy' (T_STRING), expecting ';' or ',' in /Applications/MAMP/htdocs/process_login.php on line 39
[02-Oct-2023 03:47:36 UTC] PHP Parse error:  syntax error, unexpected 'session_destroy' (T_STRING), expecting ';' or ',' in /Applications/MAMP/htdocs/process_login.php on line 39
[02-Oct-2023 03:48:27 UTC] PHP Parse error:  syntax error, unexpected 'session_destroy' (T_STRING), expecting ';' or ',' in /Applications/MAMP/htdocs/process_login.php on line 39
[02-Oct-2023 03:55:25 UTC] PHP Parse error:  syntax error, unexpected 'exit' (T_EXIT), expecting ';' or ',' in /Applications/MAMP/htdocs/securepage.php on line 12
[02-Oct-2023 03:59:22 UTC] PHP Notice:  Undefined index: login_name in /Applications/MAMP/htdocs/securepage.php on line 10
[25-Oct-2023 23:28:41 UTC] PHP Notice:  Undefined index: comment_title in /Applications/MAMP/htdocsvictim/index.php on line 19
[25-Oct-2023 23:58:33 UTC] PHP Notice:  Undefined index: comment_title in /Applications/MAMP/htdocsvictim/index.php on line 19
[26-Oct-2023 00:01:23 UTC] PHP Notice:  Undefined index: comment_title in /Applications/MAMP/htdocsvictim/index.php on line 19
[27-Oct-2023 16:20:37 UTC] PHP Notice:  Undefined index: comment_title in /Applications/MAMP/htdocsvictim/index.php on line 19
[27-Oct-2023 16:45:12 UTC] PHP Notice:  Undefined index: token in /Applications/MAMP/htdocsvictim/index.php on line 3
[27-Oct-2023 16:45:12 UTC] PHP Notice:  Array to string conversion in /Applications/MAMP/htdocsvictim/index.php on line 42
[27-Oct-2023 16:45:12 UTC] PHP Notice:  Undefined index: hashedtoken in /Applications/MAMP/htdocsvictim/index.php on line 47
[27-Oct-2023 16:46:14 UTC] PHP Notice:  Array to string conversion in /Applications/MAMP/htdocsvictim/index.php on line 42
[27-Oct-2023 16:46:14 UTC] PHP Notice:  Undefined index: hashedtoken in /Applications/MAMP/htdocsvictim/index.php on line 47
[27-Oct-2023 16:47:06 UTC] PHP Notice:  Array to string conversion in /Applications/MAMP/htdocsvictim/index.php on line 42
[27-Oct-2023 16:47:06 UTC] PHP Notice:  Undefined index: hashedtoken in /Applications/MAMP/htdocsvictim/index.php on line 47
[27-Oct-2023 16:47:55 UTC] PHP Notice:  Undefined index: token in /Applications/MAMP/htdocsvictim/index.php on line 3
[27-Oct-2023 16:47:55 UTC] PHP Notice:  Array to string conversion in /Applications/MAMP/htdocsvictim/index.php on line 42
[27-Oct-2023 16:47:55 UTC] PHP Notice:  Undefined index: hashedtoken in /Applications/MAMP/htdocsvictim/index.php on line 47
[27-Oct-2023 16:48:34 UTC] PHP Notice:  Array to string conversion in /Applications/MAMP/htdocsvictim/index.php on line 42
[27-Oct-2023 16:48:34 UTC] PHP Notice:  Undefined index: hashedtoken in /Applications/MAMP/htdocsvictim/index.php on line 47
[27-Oct-2023 18:21:32 UTC] PHP Notice:  Undefined index: token in /Applications/MAMP/htdocsvictim/index.php on line 3
[27-Oct-2023 18:21:32 UTC] PHP Notice:  Array to string conversion in /Applications/MAMP/htdocsvictim/index.php on line 42
[27-Oct-2023 18:21:32 UTC] PHP Notice:  Undefined index: hashedtoken in /Applications/MAMP/htdocsvictim/index.php on line 47
[27-Oct-2023 18:22:29 UTC] PHP Notice:  Array to string conversion in /Applications/MAMP/htdocsvictim/index.php on line 42
[27-Oct-2023 18:22:29 UTC] PHP Notice:  Undefined index: hashedtoken in /Applications/MAMP/htdocsvictim/index.php on line 47
[27-Oct-2023 18:22:40 UTC] PHP Notice:  Array to string conversion in /Applications/MAMP/htdocsvictim/index.php on line 42
[27-Oct-2023 18:22:40 UTC] PHP Notice:  Undefined index: hashedtoken in /Applications/MAMP/htdocsvictim/index.php on line 47
[27-Oct-2023 18:25:27 UTC] PHP Notice:  Undefined index: token in /Applications/MAMP/htdocsvictim/index.php on line 3
[27-Oct-2023 18:25:27 UTC] PHP Notice:  Array to string conversion in /Applications/MAMP/htdocsvictim/index.php on line 42
[27-Oct-2023 18:25:27 UTC] PHP Notice:  Undefined index: hashedtoken in /Applications/MAMP/htdocsvictim/index.php on line 47
[29-Oct-2023 02:37:55 UTC] PHP Notice:  Undefined index: username in /Applications/MAMP/htdocsvictim/login.php on line 23
[29-Oct-2023 02:38:57 UTC] PHP Notice:  Undefined index: token in /Applications/MAMP/htdocsvictim/index.php on line 3
[29-Oct-2023 02:38:57 UTC] PHP Notice:  Array to string conversion in /Applications/MAMP/htdocsvictim/index.php on line 42
[29-Oct-2023 02:38:57 UTC] PHP Notice:  Undefined index: hashedtoken in /Applications/MAMP/htdocsvictim/index.php on line 47
[29-Oct-2023 02:39:36 UTC] PHP Notice:  Array to string conversion in /Applications/MAMP/htdocsvictim/index.php on line 42
[29-Oct-2023 02:40:01 UTC] PHP Notice:  Undefined index: username in /Applications/MAMP/htdocsvictim/login.php on line 23
[29-Oct-2023 02:40:15 UTC] PHP Notice:  Undefined index: token in /Applications/MAMP/htdocsvictim/index.php on line 3
[29-Oct-2023 02:40:15 UTC] PHP Notice:  Array to string conversion in /Applications/MAMP/htdocsvictim/index.php on line 42
[29-Oct-2023 02:40:15 UTC] PHP Notice:  Undefined index: hashedtoken in /Applications/MAMP/htdocsvictim/index.php on line 47
[29-Oct-2023 02:40:22 UTC] PHP Notice:  Array to string conversion in /Applications/MAMP/htdocsvictim/index.php on line 42
[29-Oct-2023 02:40:53 UTC] PHP Notice:  Undefined index: username in /Applications/MAMP/htdocsvictim/login.php on line 23
[29-Oct-2023 02:41:00 UTC] PHP Notice:  Undefined index: token in /Applications/MAMP/htdocsvictim/index.php on line 3
[29-Oct-2023 02:41:00 UTC] PHP Notice:  Array to string conversion in /Applications/MAMP/htdocsvictim/index.php on line 43
[29-Oct-2023 02:41:00 UTC] PHP Notice:  Undefined index: hashedtoken in /Applications/MAMP/htdocsvictim/index.php on line 48
[29-Oct-2023 02:41:02 UTC] PHP Notice:  Array to string conversion in /Applications/MAMP/htdocsvictim/index.php on line 43
[29-Oct-2023 02:41:23 UTC] PHP Notice:  Undefined index: username in /Applications/MAMP/htdocsvictim/login.php on line 23
[29-Oct-2023 02:41:29 UTC] PHP Notice:  Undefined index: token in /Applications/MAMP/htdocsvictim/index.php on line 3
[29-Oct-2023 02:41:30 UTC] PHP Notice:  Array to string conversion in /Applications/MAMP/htdocsvictim/index.php on line 43
[29-Oct-2023 02:41:30 UTC] PHP Notice:  Undefined index: hashedtoken in /Applications/MAMP/htdocsvictim/index.php on line 48
[29-Oct-2023 02:41:37 UTC] PHP Notice:  Array to string conversion in /Applications/MAMP/htdocsvictim/index.php on line 43
[29-Oct-2023 02:47:23 UTC] PHP Notice:  Undefined index: username in /Applications/MAMP/htdocsvictim/login.php on line 23
[29-Oct-2023 02:47:30 UTC] PHP Notice:  Undefined index: token in /Applications/MAMP/htdocsvictim/index.php on line 3
[29-Oct-2023 02:47:30 UTC] PHP Notice:  Array to string conversion in /Applications/MAMP/htdocsvictim/index.php on line 43
[29-Oct-2023 02:47:30 UTC] PHP Notice:  Undefined index: hashedtoken in /Applications/MAMP/htdocsvictim/index.php on line 48
[29-Oct-2023 02:47:38 UTC] PHP Notice:  Array to string conversion in /Applications/MAMP/htdocsvictim/index.php on line 43
[29-Oct-2023 02:48:56 UTC] PHP Notice:  Array to string conversion in /Applications/MAMP/htdocsvictim/index.php on line 43
[29-Oct-2023 02:49:12 UTC] PHP Notice:  Array to string conversion in /Applications/MAMP/htdocsvictim/index.php on line 43
[29-Oct-2023 02:51:36 UTC] PHP Notice:  Array to string conversion in /Applications/MAMP/htdocsvictim/index.php on line 43
[29-Oct-2023 02:51:49 UTC] PHP Notice:  Array to string conversion in /Applications/MAMP/htdocsvictim/index.php on line 43
[29-Oct-2023 03:02:55 UTC] PHP Notice:  Array to string conversion in /Applications/MAMP/htdocsvictim/index.php on line 43
[29-Oct-2023 03:03:33 UTC] PHP Notice:  Array to string conversion in /Applications/MAMP/htdocsvictim/index.php on line 43
[29-Oct-2023 03:03:33 UTC] PHP Warning:  fclose() expects exactly 1 parameter, 0 given in /Applications/MAMP/htdocshacker/cookie.php on line 5
[29-Oct-2023 03:03:33 UTC] PHP Warning:  fclose() expects exactly 1 parameter, 0 given in /Applications/MAMP/htdocshacker/cookie.php on line 5
[29-Oct-2023 03:03:33 UTC] PHP Warning:  fclose() expects exactly 1 parameter, 0 given in /Applications/MAMP/htdocshacker/cookie.php on line 5
[29-Oct-2023 03:10:08 UTC] PHP Notice:  Array to string conversion in /Applications/MAMP/htdocsvictim/index.php on line 43
[29-Oct-2023 03:11:02 UTC] PHP Notice:  Array to string conversion in /Applications/MAMP/htdocsvictim/index.php on line 43
[29-Oct-2023 03:11:02 UTC] PHP Warning:  fclose() expects exactly 1 parameter, 0 given in /Applications/MAMP/htdocshacker/cookie.php on line 5
[29-Oct-2023 03:11:02 UTC] PHP Warning:  fclose() expects exactly 1 parameter, 0 given in /Applications/MAMP/htdocshacker/cookie.php on line 5
[29-Oct-2023 03:11:02 UTC] PHP Warning:  fclose() expects exactly 1 parameter, 0 given in /Applications/MAMP/htdocshacker/cookie.php on line 5
[29-Oct-2023 03:12:19 UTC] PHP Notice:  Array to string conversion in /Applications/MAMP/htdocsvictim/index.php on line 43
[29-Oct-2023 03:12:19 UTC] PHP Notice:  Undefined index: hashedtoken in /Applications/MAMP/htdocsvictim/index.php on line 48
[29-Oct-2023 03:12:50 UTC] PHP Notice:  Array to string conversion in /Applications/MAMP/htdocsvictim/index.php on line 43
[29-Oct-2023 03:16:44 UTC] PHP Notice:  Undefined index: username in /Applications/MAMP/htdocsvictim/login.php on line 23
[29-Oct-2023 03:25:27 UTC] PHP Notice:  Undefined index: token in /Applications/MAMP/htdocsvictim/index.php on line 4
[29-Oct-2023 03:25:27 UTC] PHP Notice:  Array to string conversion in /Applications/MAMP/htdocsvictim/index.php on line 44
[29-Oct-2023 03:25:27 UTC] PHP Notice:  Undefined index: hashedtoken in /Applications/MAMP/htdocsvictim/index.php on line 49
[29-Oct-2023 03:25:30 UTC] PHP Notice:  Array to string conversion in /Applications/MAMP/htdocsvictim/index.php on line 44
[29-Oct-2023 03:25:56 UTC] PHP Notice:  Array to string conversion in /Applications/MAMP/htdocsvictim/index.php on line 44
[29-Oct-2023 03:25:56 UTC] PHP Notice:  Undefined index: hashedtoken in /Applications/MAMP/htdocsvictim/index.php on line 49
[29-Oct-2023 03:26:24 UTC] PHP Notice:  Undefined index: username in /Applications/MAMP/htdocsvictim/login.php on line 23
[29-Oct-2023 03:26:29 UTC] PHP Notice:  Undefined index: token in /Applications/MAMP/htdocsvictim/index.php on line 4
[29-Oct-2023 03:26:29 UTC] PHP Notice:  Array to string conversion in /Applications/MAMP/htdocsvictim/index.php on line 44
[29-Oct-2023 03:26:29 UTC] PHP Notice:  Undefined index: hashedtoken in /Applications/MAMP/htdocsvictim/index.php on line 49
[29-Oct-2023 03:26:34 UTC] PHP Notice:  Array to string conversion in /Applications/MAMP/htdocsvictim/index.php on line 44
[29-Oct-2023 03:27:22 UTC] PHP Notice:  Array to string conversion in /Applications/MAMP/htdocsvictim/index.php on line 44
[29-Oct-2023 03:29:36 UTC] PHP Notice:  Array to string conversion in /Applications/MAMP/htdocsvictim/index.php on line 46
[29-Oct-2023 03:30:24 UTC] PHP Notice:  Array to string conversion in /Applications/MAMP/htdocsvictim/index.php on line 46
[29-Oct-2023 03:30:33 UTC] PHP Notice:  Undefined index: username in /Applications/MAMP/htdocsvictim/login.php on line 23
[29-Oct-2023 03:30:37 UTC] PHP Notice:  Undefined index: token in /Applications/MAMP/htdocsvictim/index.php on line 6
[29-Oct-2023 03:30:37 UTC] PHP Notice:  Array to string conversion in /Applications/MAMP/htdocsvictim/index.php on line 46
[29-Oct-2023 03:30:37 UTC] PHP Notice:  Undefined index: comment_title in /Applications/MAMP/htdocsvictim/index.php on line 67
[29-Oct-2023 03:31:42 UTC] PHP Notice:  Undefined index: username in /Applications/MAMP/htdocsvictim/login.php on line 23
[29-Oct-2023 03:31:49 UTC] PHP Notice:  Undefined index: token in /Applications/MAMP/htdocsvictim/index.php on line 6
[29-Oct-2023 03:31:49 UTC] PHP Notice:  Array to string conversion in /Applications/MAMP/htdocsvictim/index.php on line 46
[29-Oct-2023 03:31:49 UTC] PHP Notice:  Undefined index: comment_title in /Applications/MAMP/htdocsvictim/index.php on line 67
[29-Oct-2023 03:32:13 UTC] PHP Notice:  Array to string conversion in /Applications/MAMP/htdocsvictim/index.php on line 46
[29-Oct-2023 03:32:25 UTC] PHP Notice:  Undefined index: username in /Applications/MAMP/htdocsvictim/login.php on line 23
[29-Oct-2023 03:32:31 UTC] PHP Notice:  Undefined index: token in /Applications/MAMP/htdocsvictim/index.php on line 6
[29-Oct-2023 03:32:31 UTC] PHP Notice:  Array to string conversion in /Applications/MAMP/htdocsvictim/index.php on line 46
[29-Oct-2023 03:32:31 UTC] PHP Notice:  Undefined index: comment_title in /Applications/MAMP/htdocsvictim/index.php on line 67
[29-Oct-2023 03:32:35 UTC] PHP Notice:  Array to string conversion in /Applications/MAMP/htdocsvictim/index.php on line 46
[29-Oct-2023 03:32:48 UTC] PHP Notice:  Array to string conversion in /Applications/MAMP/htdocsvictim/index.php on line 46
[29-Oct-2023 03:32:54 UTC] PHP Notice:  Undefined index: username in /Applications/MAMP/htdocsvictim/login.php on line 23
[29-Oct-2023 03:32:57 UTC] PHP Notice:  Undefined index: token in /Applications/MAMP/htdocsvictim/index.php on line 6
[29-Oct-2023 03:32:57 UTC] PHP Notice:  Array to string conversion in /Applications/MAMP/htdocsvictim/index.php on line 46
[29-Oct-2023 03:32:57 UTC] PHP Notice:  Undefined index: comment_title in /Applications/MAMP/htdocsvictim/index.php on line 67
[29-Oct-2023 03:33:03 UTC] PHP Notice:  Array to string conversion in /Applications/MAMP/htdocsvictim/index.php on line 46
[29-Oct-2023 03:45:08 UTC] PHP Notice:  Array to string conversion in /Applications/MAMP/htdocsvictim/index.php on line 46
[29-Oct-2023 03:45:12 UTC] PHP Notice:  Array to string conversion in /Applications/MAMP/htdocsvictim/index.php on line 46
[29-Oct-2023 03:45:21 UTC] PHP Warning:  Use of undefined constant params - assumed 'params' (this will throw an Error in a future version of PHP) in /Applications/MAMP/htdocsvictim/login.php on line 4
[29-Oct-2023 03:45:21 UTC] PHP Warning:  Illegal string offset 'path' in /Applications/MAMP/htdocsvictim/login.php on line 4
[29-Oct-2023 03:45:21 UTC] PHP Warning:  Use of undefined constant params - assumed 'params' (this will throw an Error in a future version of PHP) in /Applications/MAMP/htdocsvictim/login.php on line 4
[29-Oct-2023 03:45:21 UTC] PHP Warning:  Illegal string offset 'domain' in /Applications/MAMP/htdocsvictim/login.php on line 4
[29-Oct-2023 03:45:21 UTC] PHP Notice:  Undefined index: username in /Applications/MAMP/htdocsvictim/login.php on line 24
[29-Oct-2023 03:45:24 UTC] PHP Warning:  Use of undefined constant params - assumed 'params' (this will throw an Error in a future version of PHP) in /Applications/MAMP/htdocsvictim/login.php on line 4
[29-Oct-2023 03:45:24 UTC] PHP Warning:  Illegal string offset 'path' in /Applications/MAMP/htdocsvictim/login.php on line 4
[29-Oct-2023 03:45:24 UTC] PHP Warning:  Use of undefined constant params - assumed 'params' (this will throw an Error in a future version of PHP) in /Applications/MAMP/htdocsvictim/login.php on line 4
[29-Oct-2023 03:45:24 UTC] PHP Warning:  Illegal string offset 'domain' in /Applications/MAMP/htdocsvictim/login.php on line 4
[29-Oct-2023 03:45:26 UTC] PHP Notice:  Undefined index: token in /Applications/MAMP/htdocsvictim/index.php on line 6
[29-Oct-2023 03:45:26 UTC] PHP Notice:  Array to string conversion in /Applications/MAMP/htdocsvictim/index.php on line 46
[29-Oct-2023 03:45:26 UTC] PHP Notice:  Undefined index: comment_title in /Applications/MAMP/htdocsvictim/index.php on line 67
[29-Oct-2023 03:45:30 UTC] PHP Notice:  Array to string conversion in /Applications/MAMP/htdocsvictim/index.php on line 46
[29-Oct-2023 03:47:01 UTC] PHP Notice:  Array to string conversion in /Applications/MAMP/htdocsvictim/index.php on line 46
[29-Oct-2023 03:47:29 UTC] PHP Notice:  Array to string conversion in /Applications/MAMP/htdocsvictim/index.php on line 46
[29-Oct-2023 03:47:30 UTC] PHP Warning:  fclose() expects exactly 1 parameter, 0 given in /Applications/MAMP/htdocshacker/cookie.php on line 5
[29-Oct-2023 03:47:30 UTC] PHP Warning:  fclose() expects exactly 1 parameter, 0 given in /Applications/MAMP/htdocshacker/cookie.php on line 5
[29-Oct-2023 03:47:30 UTC] PHP Warning:  fclose() expects exactly 1 parameter, 0 given in /Applications/MAMP/htdocshacker/cookie.php on line 5
[29-Oct-2023 03:48:30 UTC] PHP Notice:  Array to string conversion in /Applications/MAMP/htdocsvictim/index.php on line 46
[29-Oct-2023 03:48:30 UTC] PHP Warning:  fclose() expects exactly 1 parameter, 0 given in /Applications/MAMP/htdocshacker/cookie.php on line 5
[29-Oct-2023 03:48:30 UTC] PHP Warning:  fclose() expects exactly 1 parameter, 0 given in /Applications/MAMP/htdocshacker/cookie.php on line 5
[29-Oct-2023 03:48:30 UTC] PHP Warning:  fclose() expects exactly 1 parameter, 0 given in /Applications/MAMP/htdocshacker/cookie.php on line 5
[29-Oct-2023 03:53:13 UTC] PHP Warning:  Use of undefined constant params - assumed 'params' (this will throw an Error in a future version of PHP) in /Applications/MAMP/htdocsvictim/login.php on line 4
[29-Oct-2023 03:53:13 UTC] PHP Warning:  Illegal string offset 'path' in /Applications/MAMP/htdocsvictim/login.php on line 4
[29-Oct-2023 03:53:13 UTC] PHP Warning:  Use of undefined constant params - assumed 'params' (this will throw an Error in a future version of PHP) in /Applications/MAMP/htdocsvictim/login.php on line 4
[29-Oct-2023 03:53:13 UTC] PHP Warning:  Illegal string offset 'domain' in /Applications/MAMP/htdocsvictim/login.php on line 4
[29-Oct-2023 03:53:13 UTC] PHP Notice:  Undefined index: username in /Applications/MAMP/htdocsvictim/login.php on line 24
[29-Oct-2023 03:53:18 UTC] PHP Warning:  Use of undefined constant params - assumed 'params' (this will throw an Error in a future version of PHP) in /Applications/MAMP/htdocsvictim/login.php on line 4
[29-Oct-2023 03:53:18 UTC] PHP Warning:  Illegal string offset 'path' in /Applications/MAMP/htdocsvictim/login.php on line 4
[29-Oct-2023 03:53:18 UTC] PHP Warning:  Use of undefined constant params - assumed 'params' (this will throw an Error in a future version of PHP) in /Applications/MAMP/htdocsvictim/login.php on line 4
[29-Oct-2023 03:53:18 UTC] PHP Warning:  Illegal string offset 'domain' in /Applications/MAMP/htdocsvictim/login.php on line 4
[29-Oct-2023 03:53:19 UTC] PHP Notice:  Undefined index: token in /Applications/MAMP/htdocsvictim/index.php on line 6
[29-Oct-2023 03:53:19 UTC] PHP Notice:  Array to string conversion in /Applications/MAMP/htdocsvictim/index.php on line 46
[29-Oct-2023 03:53:19 UTC] PHP Notice:  Undefined index: comment_title in /Applications/MAMP/htdocsvictim/index.php on line 67
[29-Oct-2023 03:55:39 UTC] PHP Notice:  Array to string conversion in /Applications/MAMP/htdocsvictim/index.php on line 46
[07-Nov-2023 19:49:44 UTC] PHP Notice:  Undefined variable: keywordfromform in /Applications/MAMP/htdocs/add_joke.php on line 9
[08-Nov-2023 18:18:55 UTC] PHP Notice:  Trying to get property 'num_rows' of non-object in /Applications/MAMP/htdocs/search_all_jokes.php on line 21
[08-Nov-2023 18:19:08 UTC] PHP Fatal error:  Uncaught Error: Call to a member function bind_param() on bool in /Applications/MAMP/htdocs/search_keyword.php:29
Stack trace:
#0 {main}
  thrown in /Applications/MAMP/htdocs/search_keyword.php on line 29
[08-Nov-2023 18:22:03 UTC] PHP Notice:  Trying to get property 'num_rows' of non-object in /Applications/MAMP/htdocs/search_all_jokes.php on line 21
[08-Nov-2023 18:23:08 UTC] PHP Notice:  Trying to get property 'num_rows' of non-object in /Applications/MAMP/htdocs/search_all_jokes.php on line 21
[08-Nov-2023 18:23:24 UTC] PHP Notice:  Trying to get property 'num_rows' of non-object in /Applications/MAMP/htdocs/search_all_jokes.php on line 21
[08-Nov-2023 18:24:24 UTC] PHP Notice:  Trying to get property 'num_rows' of non-object in /Applications/MAMP/htdocs/search_all_jokes.php on line 21
[08-Nov-2023 18:24:28 UTC] PHP Notice:  Trying to get property 'num_rows' of non-object in /Applications/MAMP/htdocs/search_all_jokes.php on line 21
[08-Nov-2023 18:28:58 UTC] PHP Notice:  Undefined index: username in /Applications/MAMP/htdocs/add_joke.php on line 4
[08-Nov-2023 18:29:08 UTC] PHP Fatal error:  Uncaught Error: Call to a member function bind_param() on bool in /Applications/MAMP/htdocs/process_login.php:18
Stack trace:
#0 {main}
  thrown in /Applications/MAMP/htdocs/process_login.php on line 18
[08-Nov-2023 18:34:55 UTC] PHP Notice:  Undefined index: username in /Applications/MAMP/htdocs/add_joke.php on line 4
[08-Nov-2023 18:34:57 UTC] PHP Notice:  Trying to get property 'num_rows' of non-object in /Applications/MAMP/htdocs/search_all_jokes.php on line 21
[08-Nov-2023 18:38:05 UTC] PHP Notice:  Trying to get property 'num_rows' of non-object in /Applications/MAMP/htdocs/search_all_jokes.php on line 21
[08-Nov-2023 18:39:46 UTC] PHP Notice:  Trying to get property 'num_rows' of non-object in /Applications/MAMP/htdocs/search_all_jokes.php on line 21
[08-Nov-2023 18:40:18 UTC] PHP Notice:  Trying to get property 'num_rows' of non-object in /Applications/MAMP/htdocs/search_all_jokes.php on line 21
[08-Nov-2023 18:41:07 UTC] PHP Fatal error:  Uncaught Error: Call to a member function bind_param() on bool in /Applications/MAMP/htdocs/process_login.php:18
Stack trace:
#0 {main}
  thrown in /Applications/MAMP/htdocs/process_login.php on line 18
[08-Nov-2023 18:42:17 UTC] PHP Notice:  Trying to get property 'num_rows' of non-object in /Applications/MAMP/htdocs/search_all_jokes.php on line 21
[08-Nov-2023 18:58:28 UTC] PHP Fatal error:  Uncaught Error: Call to a member function bind_param() on bool in /Applications/MAMP/htdocs/process_login.php:18
Stack trace:
#0 {main}
  thrown in /Applications/MAMP/htdocs/process_login.php on line 18
[08-Nov-2023 19:00:18 UTC] PHP Notice:  Trying to get property 'num_rows' of non-object in /Applications/MAMP/htdocs/search_all_jokes.php on line 21
[08-Nov-2023 19:02:04 UTC] PHP Notice:  Trying to get property 'num_rows' of non-object in /Applications/MAMP/htdocs/search_all_jokes.php on line 21
[08-Nov-2023 19:02:09 UTC] PHP Notice:  Trying to get property 'num_rows' of non-object in /Applications/MAMP/htdocs/search_all_jokes.php on line 21
[08-Nov-2023 19:04:09 UTC] PHP Fatal error:  Uncaught Error: Call to a member function bind_param() on bool in /Applications/MAMP/htdocs/process_login.php:18
Stack trace:
#0 {main}
  thrown in /Applications/MAMP/htdocs/process_login.php on line 18
[08-Nov-2023 19:08:43 UTC] PHP Notice:  Undefined variable: mysqli in /Applications/MAMP/htdocs/search_all_jokes.php on line 5
[08-Nov-2023 19:08:43 UTC] PHP Fatal error:  Uncaught Error: Call to a member function query() on null in /Applications/MAMP/htdocs/search_all_jokes.php:5
Stack trace:
#0 {main}
  thrown in /Applications/MAMP/htdocs/search_all_jokes.php on line 5
[08-Nov-2023 19:08:58 UTC] PHP Warning:  mysqli::__construct(): (HY000/1049): Unknown database 'jokesdbs' in /Applications/MAMP/htdocs/db_connect.php on line 14
[08-Nov-2023 19:08:58 UTC] PHP Warning:  main(): Couldn't fetch mysqli in /Applications/MAMP/htdocs/db_connect.php on line 18
[08-Nov-2023 19:08:58 UTC] PHP Warning:  mysqli::query(): Couldn't fetch mysqli in /Applications/MAMP/htdocs/search_all_jokes.php on line 5
[08-Nov-2023 19:08:58 UTC] PHP Notice:  Trying to get property 'num_rows' of non-object in /Applications/MAMP/htdocs/search_all_jokes.php on line 7
[08-Nov-2023 19:17:00 UTC] PHP Notice:  Trying to get property 'num_rows' of non-object in /Applications/MAMP/htdocs/search_all_jokes.php on line 21
[08-Nov-2023 19:26:06 UTC] PHP Fatal error:  Uncaught Error: Call to a member function bind_param() on bool in /Applications/MAMP/htdocs/process_login.php:18
Stack trace:
#0 {main}
  thrown in /Applications/MAMP/htdocs/process_login.php on line 18
[08-Nov-2023 22:40:32 UTC] PHP Fatal error:  Uncaught Error: Call to a member function bind_param() on bool in /Applications/MAMP/htdocs/process_login.php:18
Stack trace:
#0 {main}
  thrown in /Applications/MAMP/htdocs/process_login.php on line 18
[08-Nov-2023 22:44:20 UTC] PHP Notice:  Trying to get property 'num_rows' of non-object in /Applications/MAMP/htdocs/search_all_jokes.php on line 21
[08-Nov-2023 22:46:43 UTC] PHP Fatal error:  Uncaught Error: Call to a member function bind_param() on bool in /Applications/MAMP/htdocs/search_keyword.php:31
Stack trace:
#0 {main}
  thrown in /Applications/MAMP/htdocs/search_keyword.php on line 31
[08-Nov-2023 22:47:36 UTC] PHP Fatal error:  Uncaught Error: Call to a member function bind_param() on bool in /Applications/MAMP/htdocs/search_keyword.php:31
Stack trace:
#0 {main}
  thrown in /Applications/MAMP/htdocs/search_keyword.php on line 31
[08-Nov-2023 22:48:14 UTC] PHP Fatal error:  Uncaught Error: Call to a member function bind_param() on bool in /Applications/MAMP/htdocs/search_keyword.php:31
Stack trace:
#0 {main}
  thrown in /Applications/MAMP/htdocs/search_keyword.php on line 31
[08-Nov-2023 22:48:17 UTC] PHP Fatal error:  Uncaught Error: Call to a member function bind_param() on bool in /Applications/MAMP/htdocs/search_keyword.php:31
Stack trace:
#0 {main}
  thrown in /Applications/MAMP/htdocs/search_keyword.php on line 31
[08-Nov-2023 22:49:51 UTC] PHP Fatal error:  Uncaught Error: Call to a member function bind_param() on bool in /Applications/MAMP/htdocs/search_keyword.php:31
Stack trace:
#0 {main}
  thrown in /Applications/MAMP/htdocs/search_keyword.php on line 31
[08-Nov-2023 22:50:52 UTC] PHP Fatal error:  Uncaught Error: Call to a member function bind_param() on bool in /Applications/MAMP/htdocs/search_keyword.php:31
Stack trace:
#0 {main}
  thrown in /Applications/MAMP/htdocs/search_keyword.php on line 31
[08-Nov-2023 22:50:58 UTC] PHP Fatal error:  Uncaught Error: Call to a member function bind_param() on bool in /Applications/MAMP/htdocs/search_keyword.php:31
Stack trace:
#0 {main}
  thrown in /Applications/MAMP/htdocs/search_keyword.php on line 31
[08-Nov-2023 22:53:21 UTC] PHP Fatal error:  Uncaught Error: Call to a member function bind_param() on bool in /Applications/MAMP/htdocs/search_keyword.php:34
Stack trace:
#0 {main}
  thrown in /Applications/MAMP/htdocs/search_keyword.php on line 34
[08-Nov-2023 22:53:33 UTC] PHP Fatal error:  Uncaught Error: Call to a member function bind_param() on bool in /Applications/MAMP/htdocs/search_keyword.php:34
Stack trace:
#0 {main}
  thrown in /Applications/MAMP/htdocs/search_keyword.php on line 34
[08-Nov-2023 22:55:45 UTC] PHP Fatal error:  Uncaught Error: Call to a member function bind_param() on bool in /Applications/MAMP/htdocs/search_keyword.php:31
Stack trace:
#0 {main}
  thrown in /Applications/MAMP/htdocs/search_keyword.php on line 31
[08-Nov-2023 22:56:29 UTC] PHP Fatal error:  Uncaught Error: Call to a member function bind_param() on bool in /Applications/MAMP/htdocs/search_keyword.php:30
Stack trace:
#0 {main}
  thrown in /Applications/MAMP/htdocs/search_keyword.php on line 30
[08-Nov-2023 22:58:56 UTC] PHP Warning:  mysqli_stmt::bind_param(): Number of variables doesn't match number of parameters in prepared statement in /Applications/MAMP/htdocs/search_keyword.php on line 30
[08-Nov-2023 23:00:00 UTC] PHP Fatal error:  Uncaught Error: Call to a member function bind_param() on bool in /Applications/MAMP/htdocs/search_keyword.php:30
Stack trace:
#0 {main}
  thrown in /Applications/MAMP/htdocs/search_keyword.php on line 30
[08-Nov-2023 23:00:30 UTC] PHP Fatal error:  Uncaught Error: Call to a member function bind_param() on bool in /Applications/MAMP/htdocs/search_keyword.php:30
Stack trace:
#0 {main}
  thrown in /Applications/MAMP/htdocs/search_keyword.php on line 30
[08-Nov-2023 23:00:42 UTC] PHP Warning:  mysqli_stmt::bind_param(): Number of variables doesn't match number of parameters in prepared statement in /Applications/MAMP/htdocs/search_keyword.php on line 30
[08-Nov-2023 23:01:07 UTC] PHP Warning:  mysqli_stmt::bind_param(): Number of variables doesn't match number of parameters in prepared statement in /Applications/MAMP/htdocs/search_keyword.php on line 30
[08-Nov-2023 23:01:07 UTC] PHP Warning:  mysqli_stmt::bind_result(): Number of bind variables doesn't match number of fields in prepared statement in /Applications/MAMP/htdocs/search_keyword.php on line 35
[08-Nov-2023 23:01:15 UTC] PHP Warning:  mysqli_stmt::bind_param(): Number of variables doesn't match number of parameters in prepared statement in /Applications/MAMP/htdocs/search_keyword.php on line 30
[08-Nov-2023 23:01:15 UTC] PHP Warning:  mysqli_stmt::bind_result(): Number of bind variables doesn't match number of fields in prepared statement in /Applications/MAMP/htdocs/search_keyword.php on line 35
[08-Nov-2023 23:01:21 UTC] PHP Warning:  mysqli_stmt::bind_param(): Number of variables doesn't match number of parameters in prepared statement in /Applications/MAMP/htdocs/search_keyword.php on line 30
[08-Nov-2023 23:01:27 UTC] PHP Warning:  mysqli_stmt::bind_param(): Number of variables doesn't match number of parameters in prepared statement in /Applications/MAMP/htdocs/search_keyword.php on line 30
[08-Nov-2023 23:01:27 UTC] PHP Warning:  mysqli_stmt::bind_result(): Number of bind variables doesn't match number of fields in prepared statement in /Applications/MAMP/htdocs/search_keyword.php on line 35
[08-Nov-2023 23:01:36 UTC] PHP Warning:  mysqli_stmt::bind_param(): Number of variables doesn't match number of parameters in prepared statement in /Applications/MAMP/htdocs/search_keyword.php on line 30
[08-Nov-2023 23:02:56 UTC] PHP Notice:  Undefined index: username in /Applications/MAMP/htdocs/add_joke.php on line 4
[08-Nov-2023 23:03:01 UTC] PHP Fatal error:  Uncaught Error: Call to a member function bind_param() on bool in /Applications/MAMP/htdocs/process_login.php:18
Stack trace:
#0 {main}
  thrown in /Applications/MAMP/htdocs/process_login.php on line 18
[08-Nov-2023 23:14:41 UTC] PHP Fatal error:  Uncaught Error: Call to a member function bind_param() on bool in /Applications/MAMP/htdocs/search_keyword.php:30
Stack trace:
#0 {main}
  thrown in /Applications/MAMP/htdocs/search_keyword.php on line 30
[09-Nov-2023 16:54:39 UTC] PHP Parse error:  syntax error, unexpected ')' in /Applications/MAMP/htdocs/process_login.php on line 29
[09-Nov-2023 17:01:08 UTC] PHP Warning:  session_destroy(): Trying to destroy uninitialized session in /Applications/MAMP/htdocs/logout.php on line 4
[12-Nov-2023 21:54:01 UTC] PHP Notice:  Undefined index: username in /Applications/MAMP/htdocs/add_joke.php on line 4
[12-Nov-2023 21:56:15 UTC] PHP Parse error:  syntax error, unexpected 'else' (T_ELSE) in /Applications/MAMP/htdocs/process_login.php on line 31
[12-Nov-2023 21:59:21 UTC] PHP Notice:  Undefined variable: new_password in /Applications/MAMP/htdocs/process_new_user.php on line 30
[12-Nov-2023 21:59:59 UTC] PHP Notice:  Undefined variable: new_password in /Applications/MAMP/htdocs/process_new_user.php on line 30
[12-Nov-2023 22:01:10 UTC] PHP Fatal error:  Uncaught Error: Call to a member function bind_param() on bool in /Applications/MAMP/htdocs/add_joke.php:19
Stack trace:
#0 {main}
  thrown in /Applications/MAMP/htdocs/add_joke.php on line 19
[12-Nov-2023 22:01:35 UTC] PHP Fatal error:  Uncaught Error: Call to a member function bind_param() on bool in /Applications/MAMP/htdocs/add_joke.php:19
Stack trace:
#0 {main}
  thrown in /Applications/MAMP/htdocs/add_joke.php on line 19
[12-Nov-2023 22:03:24 UTC] PHP Warning:  session_destroy(): Trying to destroy uninitialized session in /Applications/MAMP/htdocs/logout.php on line 4
[12-Nov-2023 22:04:45 UTC] PHP Warning:  session_destroy(): Trying to destroy uninitialized session in /Applications/MAMP/htdocs/logout.php on line 4
[12-Nov-2023 22:05:26 UTC] PHP Warning:  session_destroy(): Trying to destroy uninitialized session in /Applications/MAMP/htdocs/logout.php on line 4
[12-Nov-2023 22:06:16 UTC] PHP Notice:  Undefined index: username in /Applications/MAMP/htdocs/add_joke.php on line 4
[12-Nov-2023 22:06:52 UTC] PHP Notice:  Undefined index: username in /Applications/MAMP/htdocs/add_joke.php on line 4
[12-Nov-2023 22:15:45 UTC] PHP Notice:  Undefined index: username in /Applications/MAMP/htdocs/process_login.php on line 12
[12-Nov-2023 22:15:45 UTC] PHP Notice:  Undefined index: password in /Applications/MAMP/htdocs/process_login.php on line 13
[12-Nov-2023 22:23:47 UTC] PHP Warning:  session_destroy(): Trying to destroy uninitialized session in /Applications/MAMP/htdocs/logout.php on line 4
[12-Nov-2023 22:25:58 UTC] PHP Warning:  session_destroy(): Trying to destroy uninitialized session in /Applications/MAMP/htdocs/logout.php on line 4
[12-Nov-2023 22:29:08 UTC] PHP Notice:  Undefined variable: stmt in /Applications/MAMP/htdocs/process_login.php on line 28
[12-Nov-2023 22:29:08 UTC] PHP Fatal error:  Uncaught Error: Call to a member function store_result() on null in /Applications/MAMP/htdocs/process_login.php:28
Stack trace:
#0 {main}
  thrown in /Applications/MAMP/htdocs/process_login.php on line 28
[12-Nov-2023 22:29:31 UTC] PHP Notice:  Undefined variable: result in /Applications/MAMP/htdocs/process_login.php on line 24
[12-Nov-2023 22:29:31 UTC] PHP Fatal error:  Uncaught Error: Call to undefined method mysqli_result::store_result() in /Applications/MAMP/htdocs/process_login.php:28
Stack trace:
#0 {main}
  thrown in /Applications/MAMP/htdocs/process_login.php on line 28
[12-Nov-2023 22:29:51 UTC] PHP Fatal error:  Uncaught Error: Call to undefined method mysqli_result::store_result() in /Applications/MAMP/htdocs/process_login.php:28
Stack trace:
#0 {main}
  thrown in /Applications/MAMP/htdocs/process_login.php on line 28
[12-Nov-2023 22:33:02 UTC] PHP Notice:  Undefined variable: _po in /Applications/MAMP/htdocs/process_login.php on line 13
[12-Nov-2023 22:33:02 UTC] PHP Notice:  Trying to access array offset on value of type null in /Applications/MAMP/htdocs/process_login.php on line 13
[12-Nov-2023 22:34:02 UTC] PHP Notice:  Undefined variable: userid in /Applications/MAMP/htdocs/process_login.php on line 39
[12-Nov-2023 22:35:47 UTC] PHP Notice:  Trying to get property 'num_rows' of non-object in /Applications/MAMP/htdocs/process_login.php on line 29
[12-Nov-2023 22:36:37 UTC] PHP Notice:  Trying to get property 'num_rows' of non-object in /Applications/MAMP/htdocs/process_login.php on line 29
[12-Nov-2023 22:36:56 UTC] PHP Notice:  Trying to get property 'num_rows' of non-object in /Applications/MAMP/htdocs/process_login.php on line 29
[12-Nov-2023 22:37:16 UTC] PHP Notice:  Trying to get property 'num_rows' of non-object in /Applications/MAMP/htdocs/process_login.php on line 29
[12-Nov-2023 22:37:47 UTC] PHP Notice:  Trying to get property 'num_rows' of non-object in /Applications/MAMP/htdocs/process_login.php on line 29
[12-Nov-2023 22:47:55 UTC] PHP Notice:  Trying to get property 'num_rows' of non-object in /Applications/MAMP/htdocs/search_keyword.php on line 33
[12-Nov-2023 22:48:28 UTC] PHP Notice:  Trying to get property 'num_rows' of non-object in /Applications/MAMP/htdocs/search_keyword.php on line 33
[12-Nov-2023 22:49:15 UTC] PHP Notice:  Trying to get property 'num_rows' of non-object in /Applications/MAMP/htdocs/search_keyword.php on line 35
[12-Nov-2023 22:50:54 UTC] PHP Notice:  Trying to get property 'num_rows' of non-object in /Applications/MAMP/htdocs/search_keyword.php on line 35
[12-Nov-2023 22:51:59 UTC] PHP Notice:  Trying to get property 'num_rows' of non-object in /Applications/MAMP/htdocs/search_keyword.php on line 35
[12-Nov-2023 22:54:36 UTC] PHP Warning:  session_destroy(): Trying to destroy uninitialized session in /Applications/MAMP/htdocs/logout.php on line 4
[12-Nov-2023 22:55:59 UTC] PHP Warning:  session_destroy(): Trying to destroy uninitialized session in /Applications/MAMP/htdocs/logout.php on line 4
[12-Nov-2023 22:57:28 UTC] PHP Warning:  session_destroy(): Trying to destroy uninitialized session in /Applications/MAMP/htdocs/logout.php on line 4
[12-Nov-2023 23:27:20 UTC] PHP Notice:  Trying to access array offset on value of type bool in /Applications/MAMP/htdocs/process_login.php on line 26
[12-Nov-2023 23:32:35 UTC] PHP Parse error:  syntax error, unexpected 'if' (T_IF) in /Applications/MAMP/htdocs/process_new_user.php on line 23
[12-Nov-2023 23:33:32 UTC] PHP Parse error:  syntax error, unexpected 'if' (T_IF) in /Applications/MAMP/htdocs/process_new_user.php on line 23
[12-Nov-2023 23:34:29 UTC] PHP Parse error:  syntax error, unexpected 'if' (T_IF) in /Applications/MAMP/htdocs/process_new_user.php on line 24
[12-Nov-2023 23:34:44 UTC] PHP Parse error:  syntax error, unexpected 'if' (T_IF) in /Applications/MAMP/htdocs/process_new_user.php on line 24
[12-Nov-2023 23:37:18 UTC] PHP Parse error:  syntax error, unexpected 'if' (T_IF) in /Applications/MAMP/htdocs/process_new_user.php on line 24
[12-Nov-2023 23:40:34 UTC] PHP Parse error:  syntax error, unexpected 'if' (T_IF) in /Applications/MAMP/htdocs/process_new_user.php on line 24
[12-Nov-2023 23:40:38 UTC] PHP Parse error:  syntax error, unexpected 'if' (T_IF) in /Applications/MAMP/htdocs/process_new_user.php on line 24
[13-Nov-2023 00:15:44 UTC] PHP Parse error:  syntax error, unexpected 'if' (T_IF) in /Applications/MAMP/htdocs/process_new_user.php on line 29
[25-Nov-2023 22:59:49 UTC] PHP Warning:  mysqli::__construct(): (HY000/1130): Host '10.118.179.93' is not allowed to connect to this MySQL server in /Applications/MAMP/htdocs/db_connect.php on line 14
[25-Nov-2023 22:59:49 UTC] PHP Warning:  main(): Couldn't fetch mysqli in /Applications/MAMP/htdocs/db_connect.php on line 18
[25-Nov-2023 22:59:49 UTC] PHP Warning:  mysqli::close(): Couldn't fetch mysqli in /Applications/MAMP/htdocs/index.php on line 76
[25-Nov-2023 23:00:15 UTC] PHP Warning:  mysqli::__construct(): (HY000/1130): Host '10.118.179.93' is not allowed to connect to this MySQL server in /Applications/MAMP/htdocs/db_connect.php on line 14
[25-Nov-2023 23:00:15 UTC] PHP Warning:  main(): Couldn't fetch mysqli in /Applications/MAMP/htdocs/db_connect.php on line 18
[25-Nov-2023 23:00:15 UTC] PHP Warning:  mysqli::query(): Couldn't fetch mysqli in /Applications/MAMP/htdocs/search_all_jokes.php on line 21
[25-Nov-2023 23:00:15 UTC] PHP Notice:  Trying to get property 'num_rows' of non-object in /Applications/MAMP/htdocs/search_all_jokes.php on line 23
